ERROR - 2026-07-20 05:33:19 --> Error connecting to the database: Exception: Unable to open database: unable to open database file in /opt/lampp/htdocs/S4/Perpa-exam/Exam/Exam/system/Database/SQLite3/Connection.php:111
Stack trace:
#0 /opt/lampp/htdocs/S4/Perpa-exam/Exam/Exam/system/Database/SQLite3/Connection.php(111): SQLite3->__construct()
#1 /opt/lampp/htdocs/S4/Perpa-exam/Exam/Exam/system/Database/BaseConnection.php(555): CodeIgniter\Database\SQLite3\Connection->connect()
#2 /opt/lampp/htdocs/S4/Perpa-exam/Exam/Exam/system/Database/SQLite3/Connection.php(74): CodeIgniter\Database\BaseConnection->initialize()
#3 /opt/lampp/htdocs/S4/Perpa-exam/Exam/Exam/system/Database/BaseConnection.php(795): CodeIgniter\Database\SQLite3\Connection->initialize()
#4 /opt/lampp/htdocs/S4/Perpa-exam/Exam/Exam/system/Database/BaseConnection.php(1706): CodeIgniter\Database\BaseConnection->query()
#5 /opt/lampp/htdocs/S4/Perpa-exam/Exam/Exam/system/Database/BaseConnection.php(1726): CodeIgniter\Database\BaseConnection->listTables()
#6 /opt/lampp/htdocs/S4/Perpa-exam/Exam/Exam/system/Database/MigrationRunner.php(821): CodeIgniter\Database\BaseConnection->tableExists()
#7 /opt/lampp/htdocs/S4/Perpa-exam/Exam/Exam/system/Database/MigrationRunner.php(173): CodeIgniter\Database\MigrationRunner->ensureTable()
#8 /opt/lampp/htdocs/S4/Perpa-exam/Exam/Exam/system/Commands/Database/Migrate.php(89): CodeIgniter\Database\MigrationRunner->latest()
#9 /opt/lampp/htdocs/S4/Perpa-exam/Exam/Exam/system/CLI/SignalTrait.php(245): CodeIgniter\Commands\Database\Migrate::{closure:CodeIgniter\Commands\Database\Migrate::run():88}()
#10 /opt/lampp/htdocs/S4/Perpa-exam/Exam/Exam/system/Commands/Database/Migrate.php(88): CodeIgniter\Commands\Database\Migrate->withSignalsBlocked()
#11 /opt/lampp/htdocs/S4/Perpa-exam/Exam/Exam/system/CLI/Commands.php(74): CodeIgniter\Commands\Database\Migrate->run()
#12 /opt/lampp/htdocs/S4/Perpa-exam/Exam/Exam/system/CLI/Console.php(47): CodeIgniter\CLI\Commands->run()
#13 /opt/lampp/htdocs/S4/Perpa-exam/Exam/Exam/system/Boot.php(442): CodeIgniter\CLI\Console->run()
#14 /opt/lampp/htdocs/S4/Perpa-exam/Exam/Exam/system/Boot.php(166): CodeIgniter\Boot::runCommand()
#15 /opt/lampp/htdocs/S4/Perpa-exam/Exam/Exam/spark(87): CodeIgniter\Boot::bootSpark()
#16 {main}

Next CodeIgniter\Database\Exceptions\DatabaseException: SQLite3 error: Unable to open database: unable to open database file in /opt/lampp/htdocs/S4/Perpa-exam/Exam/Exam/system/Database/SQLite3/Connection.php:118
Stack trace:
#0 /opt/lampp/htdocs/S4/Perpa-exam/Exam/Exam/system/Database/BaseConnection.php(555): CodeIgniter\Database\SQLite3\Connection->connect()
#1 /opt/lampp/htdocs/S4/Perpa-exam/Exam/Exam/system/Database/SQLite3/Connection.php(74): CodeIgniter\Database\BaseConnection->initialize()
#2 /opt/lampp/htdocs/S4/Perpa-exam/Exam/Exam/system/Database/BaseConnection.php(795): CodeIgniter\Database\SQLite3\Connection->initialize()
#3 /opt/lampp/htdocs/S4/Perpa-exam/Exam/Exam/system/Database/BaseConnection.php(1706): CodeIgniter\Database\BaseConnection->query()
#4 /opt/lampp/htdocs/S4/Perpa-exam/Exam/Exam/system/Database/BaseConnection.php(1726): CodeIgniter\Database\BaseConnection->listTables()
#5 /opt/lampp/htdocs/S4/Perpa-exam/Exam/Exam/system/Database/MigrationRunner.php(821): CodeIgniter\Database\BaseConnection->tableExists()
#6 /opt/lampp/htdocs/S4/Perpa-exam/Exam/Exam/system/Database/MigrationRunner.php(173): CodeIgniter\Database\MigrationRunner->ensureTable()
#7 /opt/lampp/htdocs/S4/Perpa-exam/Exam/Exam/system/Commands/Database/Migrate.php(89): CodeIgniter\Database\MigrationRunner->latest()
#8 /opt/lampp/htdocs/S4/Perpa-exam/Exam/Exam/system/CLI/SignalTrait.php(245): CodeIgniter\Commands\Database\Migrate::{closure:CodeIgniter\Commands\Database\Migrate::run():88}()
#9 /opt/lampp/htdocs/S4/Perpa-exam/Exam/Exam/system/Commands/Database/Migrate.php(88): CodeIgniter\Commands\Database\Migrate->withSignalsBlocked()
#10 /opt/lampp/htdocs/S4/Perpa-exam/Exam/Exam/system/CLI/Commands.php(74): CodeIgniter\Commands\Database\Migrate->run()
#11 /opt/lampp/htdocs/S4/Perpa-exam/Exam/Exam/system/CLI/Console.php(47): CodeIgniter\CLI\Commands->run()
#12 /opt/lampp/htdocs/S4/Perpa-exam/Exam/Exam/system/Boot.php(442): CodeIgniter\CLI\Console->run()
#13 /opt/lampp/htdocs/S4/Perpa-exam/Exam/Exam/system/Boot.php(166): CodeIgniter\Boot::runCommand()
#14 /opt/lampp/htdocs/S4/Perpa-exam/Exam/Exam/spark(87): CodeIgniter\Boot::bootSpark()
#15 {main}
CRITICAL - 2026-07-20 05:33:19 --> ErrorException: require(/opt/lampp/htdocs/S4/Perpa-exam/Exam/Exam/app/Views/errors/cli/error_exception.php): Failed to open stream: No such file or directory
[Method: CLI, Route: migrate]
in SYSTEMPATH/CLI/BaseCommand.php on line 133.
 1 SYSTEMPATH/CLI/BaseCommand.php(133): CodeIgniter\Debug\Exceptions->errorHandler()
 2 SYSTEMPATH/CLI/BaseCommand.php(133): require()
 3 SYSTEMPATH/Commands/Database/Migrate.php(104): CodeIgniter\CLI\BaseCommand->showError()
 4 SYSTEMPATH/CLI/Commands.php(74): CodeIgniter\Commands\Database\Migrate->run()
 5 SYSTEMPATH/CLI/Console.php(47): CodeIgniter\CLI\Commands->run()
 6 SYSTEMPATH/Boot.php(442): CodeIgniter\CLI\Console->run()
 7 SYSTEMPATH/Boot.php(166): CodeIgniter\Boot::runCommand()
 8 ROOTPATH/spark(87): CodeIgniter\Boot::bootSpark()
DEBUG - 2026-07-20 05:40:00 --> Session: Class initialized using 'CodeIgniter\Session\Handlers\FileHandler' driver.
WARNING - 2026-07-20 05:40:00 --> [DEPRECATED] Creation of dynamic property App\Controllers\Login::$validation is deprecated in APPPATH/Controllers/Login.php on line 19.
 1 SYSTEMPATH/CodeIgniter.php(922): App\Controllers\Login->initController(Object(CodeIgniter\HTTP\IncomingRequest), Object(CodeIgniter\HTTP\Response), Object(CodeIgniter\Log\Logger))
 2 SYSTEMPATH/CodeIgniter.php(488): CodeIgniter\CodeIgniter->createController()
 3 SYSTEMPATH/CodeIgniter.php(340): CodeIgniter\CodeIgniter->handleRequest(null, Object(Config\Cache), false)
 4 SYSTEMPATH/Boot.php(417): CodeIgniter\CodeIgniter->run()
 5 SYSTEMPATH/Boot.php(68): CodeIgniter\Boot::runCodeIgniter(Object(CodeIgniter\CodeIgniter))
 6 FCPATH/index.php(59): CodeIgniter\Boot::bootWeb(Object(Config\Paths))
 7 SYSTEMPATH/rewrite.php(44): require_once('/opt/lampp/htdocs/S4/Perpa-exam/Exam/Exam/public/index.php')
